PLNT will plant   0 from   1 structures
seed:  120

 29       4   1.279000  1.023200
52.328234
found a duplicate   8   9       1.0000000000000002
found a duplicate   7   8       0.9994941595863966
found a duplicate   6   7       0.9999999964942676
found a duplicate   5   6       0.9999999894612548
found a duplicate   4   5       0.9999999945496456
found a duplicate   3   4       0.9999999994904381
found a duplicate   2   3       0.9999999964942676
found a duplicate   1   2       0.9999999894612548
found a duplicate   0   1       0.9999999945496456
discarded all above   8      -14.204414
  0     -14.2050015799999994       0.8807970779778824
  1     -14.2050015799999994       0.0008807970779779
  2     -14.2050015799999994       0.0008807970779780
  3     -14.2050015799999994       0.0008807970779779
  4     -14.2050015799999994       0.0008807970779779
  5     -14.2050015799999994       0.0008807970779779
  6     -14.2050015799999994       0.0008807970779780
  7     -14.2050015799999994       0.0008807970779779
  8     -14.2044138100000001       0.0000000000000010
  9     -14.2044138100000001       0.0000000000000010
  0   0   0      -14.205002
  1   1   2      -14.205002
  2   2   3      -14.205002
  3   4   5      -14.205002
  4   5   7      -14.205002
       0   5   5 0  2  0
  0   5 MATE   2   0  0.500000
     110   6   6 0  4  1
  0   6 MATE   4   1  0.500000
     111   7   7 0  0  2
  0   7 MATE   0   2  0.500000
  115 mating   tries
  0   8 MUTE   0   0
    3 mutation tries out of  1000000
found a duplicate   8   9       0.9994944618797225
found a duplicate   7   8       0.9999999956814138
found a duplicate   6   7       0.9999999816547432
found a duplicate   5   6       0.9999999981561853
found a duplicate   4   5       0.9999999944701979
found a duplicate   3   4       0.9999999945496456
found a duplicate   2   3       0.9999999986477303
found a duplicate   1   2       0.9999999894612546
found a duplicate   0   1       0.9999999945496456
discarded all above   8      -14.205002
  0     -14.2050015799999994       0.8807970779778824
  1     -14.2050015799999994       0.0008807970779779
  2     -14.2050015799999994       0.0008807970779780
  3     -14.2050015799999994       0.0008807970779779
  4     -14.2050015799999994       0.0008807970779779
  5     -14.2050015799999994       0.0008807970779779
  6     -14.2050015799999994       0.0008807970779779
  7     -14.2050015799999994       0.0008807970779782
  8     -14.2050015799999994       0.0000000000000010
  9     -14.2044138100000001       0.0000000000000010
  0   0   0      -14.205002
  1   3   3      -14.205002
  2   5   5      -14.205002
  3   6   6      -14.205002
  4   7   7      -14.205002
       0   5   5 0  3  2
  1   5 MATE   3   2  0.250000
      57   6   6 0  2  4
  1   6 MATE   2   4  0.750000
      62   7   7 1  1  0
  1   7 MATE   1   0  0.000000
   63 mating   tries
  1   8 MUTE   0   0
    2 mutation tries out of  1000000
found a duplicate   8   9       0.9999999991309079
found a duplicate   7   8       0.9994946642993668
found a duplicate   6   7       0.9999999567678877
found a duplicate   5   6       0.9999999921070779
found a duplicate   4   5       0.9999999866183458
found a duplicate   3   4       0.9999999816547432
found a duplicate   2   3       0.9999999981561858
found a duplicate   1   2       0.9999999995988331
found a duplicate   0   1       1.0000000000000000
discarded all above   8      -14.204414
  0     -14.2050015799999994       0.8807970779778824
  1     -14.2050015799999994       0.0008807970779779
  2     -14.2050015799999994       0.0008807970779779
  3     -14.2050015799999994       0.0008807970779779
  4     -14.2050015799999994       0.0008807970779782
  5     -14.2050015799999994       0.0008807970779780
  6     -14.2050015799999994       0.0008807970779779
  7     -14.2050015799999994       0.0008807970779795
  8     -14.2044138100000001       0.0000000000000010
  9     -14.2044138100000001       0.0000000000000010
  0   0   0      -14.205002
  1   1   1      -14.205002
  2   5   5      -14.205002
  3   6   6      -14.205002
  4   7   7      -14.205002
