--2023-08-02 09:04:37--  http://archive.ubuntu.com/ubuntu/pool/main/g/gsl/libgsl0-dev_1.16+dfsg-1ubuntu1_amd64.deb
Resolving archive.ubuntu.com (archive.ubuntu.com)... 185.125.190.39, 185.125.190.36, 91.189.91.81, ...
Connecting to archive.ubuntu.com (archive.ubuntu.com)|185.125.190.39|:80... connected.
HTTP request sent, awaiting response... 200 OK
Length: 982398 (959K) [application/x-debian-package]
Saving to: ‘libgsl0-dev_1.16+dfsg-1ubuntu1_amd64.deb’

     0K .......... .......... .......... .......... ..........  5%  299K 3s
    50K .......... .......... .......... .......... .......... 10%  606K 2s
   100K .......... .......... .......... .......... .......... 15% 1.07M 2s
   150K .......... .......... .......... .......... .......... 20% 1.32M 1s
   200K .......... .......... .......... .......... .......... 26% 1.87M 1s
   250K .......... .......... .......... .......... .......... 31% 2.48M 1s
   300K .......... .......... .......... .......... .......... 36% 2.64M 1s
   350K .......... .......... .......... .......... .......... 41% 3.17M 1s
   400K .......... .......... .......... .......... .......... 46% 3.56M 0s
   450K .......... .......... .......... .......... .......... 52% 4.09M 0s
   500K .......... .......... .......... .......... .......... 57% 4.18M 0s
   550K .......... .......... .......... .......... .......... 62% 4.79M 0s
   600K .......... .......... .......... .......... .......... 67% 5.86M 0s
   650K .......... .......... .......... .......... .......... 72% 5.40M 0s
   700K .......... .......... .......... .......... .......... 78% 6.59M 0s
   750K .......... .......... .......... .......... .......... 83% 7.22M 0s
   800K .......... .......... .......... .......... .......... 88% 6.76M 0s
   850K .......... .......... .......... .......... .......... 93% 7.68M 0s
   900K .......... .......... .......... .......... .......... 99% 7.92M 0s
   950K .........                                             100% 9.85M=0.5s

2023-08-02 09:04:38 (1.83 MB/s) - ‘libgsl0-dev_1.16+dfsg-1ubuntu1_amd64.deb’ saved [982398/982398]

