downloading...spglib-1.11.2.1 to /mnt/Storage/home/max/GITHUB/maiseexp/dep-ext
--2021-06-19 16:34:11--  https://github.com/spglib/spglib/archive/v1.11.2.1.tar.gz
Resolving github.com (github.com)... 140.82.114.3
Connecting to github.com (github.com)|140.82.114.3|:443... connected.
HTTP request sent, awaiting response... 302 Found
Location: https://codeload.github.com/spglib/spglib/tar.gz/v1.11.2.1 [following]
--2021-06-19 16:34:11--  https://codeload.github.com/spglib/spglib/tar.gz/v1.11.2.1
Resolving codeload.github.com (codeload.github.com)... 140.82.112.9
Connecting to codeload.github.com (codeload.github.com)|140.82.112.9|:443... connected.
HTTP request sent, awaiting response... 200 OK
Length: unspecified [application/x-gzip]
Saving to: ‘spglib.tar.gz’

     0K .......... .......... .......... .......... .......... 2.33M
    50K .......... .......... .......... .......... .......... 4.73M
   100K .......... .......... .......... .......... .......... 25.6M
   150K .......... .......... .......... .......... .......... 5.89M
   200K .......... .......... .......... .......... .......... 58.4M
   250K .......... .......... .......... .......... .......... 63.3M
   300K .......... .......... .......... .......... .......... 4.49M
   350K .......... .......... .......... .......... .......... 39.7M
   400K .......... .......... .......... .......... .......... 67.9M
   450K .......... .......... .......... .......... .......... 70.7M
   500K .......... .......... .......... .......... .......... 75.5M
   550K .......... .......... .......... .......... .......... 70.2M
   600K .......... .......... .......... .......... .......... 9.64M
   650K .......... .......... .......... .......... .......... 33.1M
   700K .......... .......... .......... .......... .......... 71.0M
   750K .......... .......... .......... .......... .......... 59.7M
   800K .......... .......... .......... .......... .......... 73.9M
   850K .......... .......... .......... .......... .......... 73.6M
   900K .......... .......... .......... .......... .......... 74.3M
   950K .......... .......... .......... .......... .......... 68.7M
  1000K .......... .......... .......... .......... .......... 78.9M
  1050K .......... .......... .......... .......... .......... 70.4M
  1100K .......... .......... .......... .......... .......... 14.4M
  1150K .......... .......... .......... .......... .......... 62.9M
  1200K .......... .......... .......... .......... .......... 62.5M
  1250K .......... .......... .......... .......... .......... 39.9M
  1300K .......... .......... .......... .......... .......... 60.9M
  1350K .......... .......... .......... .......... .......... 9.61M
  1400K .......... .......... .......... .......... .......... 4.79M
  1450K .......... .......... .......... .......... .......... 6.25M
  1500K .......... .......... .......... .......... .......... 3.11M
  1550K .......... .......... .......... .......... .......... 3.13M
  1600K .......... .......... .......... .......... .......... 59.6M
  1650K .......... .......... .......... .......... .......... 4.48M
  1700K .......... .......... .......... .......... .......... 3.98M
  1750K .......... .......... .......... .......... .......... 4.09M
  1800K .......... .......... .......... .......... .......... 4.82M
  1850K .......... .......... .......... .......... .......... 7.15M
  1900K .......... .......... .......... ........              25.6M=0.2s

2021-06-19 16:34:11 (10.2 MB/s) - ‘spglib.tar.gz’ saved [1984603]

unpacking.....in /mnt/Storage/home/max/GITHUB/maiseexp/dep-ext
compiling.....in /mnt/Storage/home/max/GITHUB/maiseexp/dep-ext/spglib-1.11.2.1
libtoolize: putting auxiliary files in `.'.
libtoolize: linking file `./ltmain.sh'
libtoolize: putting macros in AC_CONFIG_MACRO_DIR, `m4'.
libtoolize: linking file `m4/libtool.m4'
libtoolize: linking file `m4/ltoptions.m4'
libtoolize: linking file `m4/ltsugar.m4'
libtoolize: linking file `m4/ltversion.m4'
libtoolize: linking file `m4/lt~obsolete.m4'
configure.ac:17: installing './compile'
configure.ac:18: installing './config.guess'
configure.ac:18: installing './config.sub'
configure.ac:9: installing './install-sh'
configure.ac:9: installing './missing'
src/Makefile.am: installing './depcomp'
parallel-tests: installing './test-driver'
checking for a BSD-compatible install... /usr/bin/install -c
checking whether build environment is sane... yes
checking for a thread-safe mkdir -p... /usr/bin/mkdir -p
checking for gawk... gawk
checking whether make sets $(MAKE)... yes
checking whether make supports nested variables... yes
checking for gcc... gcc
checking whether the C compiler works... yes
checking for C compiler default output file name... a.out
checking for suffix of executables... 
checking whether we are cross compiling... no
checking for suffix of object files... o
checking whether we are using the GNU C compiler... yes
checking whether gcc accepts -g... yes
checking for gcc option to accept ISO C89... none needed
checking for style of include used by make... GNU
checking dependency style of gcc... gcc3
checking whether gcc and cc understand -c and -o together... yes
checking build system type... x86_64-unknown-linux-gnu
checking host system type... x86_64-unknown-linux-gnu
checking how to print strings... printf
checking for a sed that does not truncate output... /usr/bin/sed
checking for grep that handles long lines and -e... /usr/bin/grep
checking for egrep... /usr/bin/grep -E
checking for fgrep... /usr/bin/grep -F
checking for ld used by gcc... /usr/bin/ld
checking if the linker (/usr/bin/ld) is GNU ld... yes
checking for BSD- or MS-compatible name lister (nm)... /usr/bin/nm -B
checking the name lister (/usr/bin/nm -B) interface... BSD nm
checking whether ln -s works... yes
checking the maximum length of command line arguments... 1572864
checking whether the shell understands some XSI constructs... yes
checking whether the shell understands "+="... yes
checking how to convert x86_64-unknown-linux-gnu file names to x86_64-unknown-linux-gnu format... func_convert_file_noop
checking how to convert x86_64-unknown-linux-gnu file names to toolchain format... func_convert_file_noop
checking for /usr/bin/ld option to reload object files... -r
checking for objdump... objdump
checking how to recognize dependent libraries... pass_all
checking for dlltool... no
checking how to associate runtime and link libraries... printf %s\n
checking for ar... ar
checking for archiver @FILE support... @
checking for strip... strip
checking for ranlib... ranlib
checking command to parse /usr/bin/nm -B output from gcc object... ok
checking for sysroot... no
checking for mt... no
checking if : is a manifest tool... no
checking how to run the C preprocessor... gcc -E
checking for ANSI C header files... yes
checking for sys/types.h... yes
checking for sys/stat.h... yes
checking for stdlib.h... yes
checking for string.h... yes
checking for memory.h... yes
checking for strings.h... yes
checking for inttypes.h... yes
checking for stdint.h... yes
checking for unistd.h... yes
checking for dlfcn.h... yes
checking for objdir... .libs
checking if gcc supports -fno-rtti -fno-exceptions... no
checking for gcc option to produce PIC... -fPIC -DPIC
checking if gcc PIC flag -fPIC -DPIC works... yes
checking if gcc static flag -static works... no
checking if gcc supports -c -o file.o... yes
checking if gcc supports -c -o file.o... (cached) yes
checking whether the gcc linker (/usr/bin/ld -m elf_x86_64) supports shared libraries... yes
checking whether -lc should be explicitly linked in... no
checking dynamic linker characteristics... GNU/Linux ld.so
checking how to hardcode library paths into programs... immediate
checking whether stripping libraries is possible... yes
checking if libtool supports shared libraries... yes
checking whether to build shared libraries... yes
checking whether to build static libraries... yes
checking for sqrt... no
checking for ANSI C header files... (cached) yes
checking for stdlib.h... (cached) yes
checking for string.h... (cached) yes
checking math.h usability... yes
checking math.h presence... yes
checking for math.h... yes
checking for an ANSI C-conforming const... yes
checking for stdlib.h... (cached) yes
checking for GNU libc compatible malloc... yes
checking that generated files are newer than configure... done
configure: creating ./config.status
config.status: creating Makefile
config.status: creating src/Makefile
config.status: creating config.h
config.status: executing depfiles commands
config.status: executing libtool commands
make[1]: Entering directory `/mnt/Storage/home/max/GITHUB/maiseexp/dep-ext/spglib-1.11.2.1'
make  all-recursive
make[2]: Entering directory `/mnt/Storage/home/max/GITHUB/maiseexp/dep-ext/spglib-1.11.2.1'
Making all in src
make[3]: Entering directory `/mnt/Storage/home/max/GITHUB/maiseexp/dep-ext/spglib-1.11.2.1/src'
/bin/sh ../libtool  --tag=CC   --mode=compile gcc -DHAVE_CONFIG_H -I. -I..     -g -O2 -MT arithmetic.lo -MD -MP -MF .deps/arithmetic.Tpo -c -o arithmetic.lo arithmetic.c
/bin/sh ../libtool  --tag=CC   --mode=compile gcc -DHAVE_CONFIG_H -I. -I..     -g -O2 -MT cell.lo -MD -MP -MF .deps/cell.Tpo -c -o cell.lo cell.c
/bin/sh ../libtool  --tag=CC   --mode=compile gcc -DHAVE_CONFIG_H -I. -I..     -g -O2 -MT debug.lo -MD -MP -MF .deps/debug.Tpo -c -o debug.lo debug.c
/bin/sh ../libtool  --tag=CC   --mode=compile gcc -DHAVE_CONFIG_H -I. -I..     -g -O2 -MT delaunay.lo -MD -MP -MF .deps/delaunay.Tpo -c -o delaunay.lo delaunay.c
/bin/sh ../libtool  --tag=CC   --mode=compile gcc -DHAVE_CONFIG_H -I. -I..     -g -O2 -MT determination.lo -MD -MP -MF .deps/determination.Tpo -c -o determination.lo determination.c
/bin/sh ../libtool  --tag=CC   --mode=compile gcc -DHAVE_CONFIG_H -I. -I..     -g -O2 -MT hall_symbol.lo -MD -MP -MF .deps/hall_symbol.Tpo -c -o hall_symbol.lo hall_symbol.c
/bin/sh ../libtool  --tag=CC   --mode=compile gcc -DHAVE_CONFIG_H -I. -I..     -g -O2 -MT kgrid.lo -MD -MP -MF .deps/kgrid.Tpo -c -o kgrid.lo kgrid.c
/bin/sh ../libtool  --tag=CC   --mode=compile gcc -DHAVE_CONFIG_H -I. -I..     -g -O2 -MT kpoint.lo -MD -MP -MF .deps/kpoint.Tpo -c -o kpoint.lo kpoint.c
/bin/sh ../libtool  --tag=CC   --mode=compile gcc -DHAVE_CONFIG_H -I. -I..     -g -O2 -MT mathfunc.lo -MD -MP -MF .deps/mathfunc.Tpo -c -o mathfunc.lo mathfunc.c
/bin/sh ../libtool  --tag=CC   --mode=compile gcc -DHAVE_CONFIG_H -I. -I..     -g -O2 -MT niggli.lo -MD -MP -MF .deps/niggli.Tpo -c -o niggli.lo niggli.c
/bin/sh ../libtool  --tag=CC   --mode=compile gcc -DHAVE_CONFIG_H -I. -I..     -g -O2 -MT overlap.lo -MD -MP -MF .deps/overlap.Tpo -c -o overlap.lo overlap.c
/bin/sh ../libtool  --tag=CC   --mode=compile gcc -DHAVE_CONFIG_H -I. -I..     -g -O2 -MT pointgroup.lo -MD -MP -MF .deps/pointgroup.Tpo -c -o pointgroup.lo pointgroup.c
/bin/sh ../libtool  --tag=CC   --mode=compile gcc -DHAVE_CONFIG_H -I. -I..     -g -O2 -MT primitive.lo -MD -MP -MF .deps/primitive.Tpo -c -o primitive.lo primitive.c
/bin/sh ../libtool  --tag=CC   --mode=compile gcc -DHAVE_CONFIG_H -I. -I..     -g -O2 -MT refinement.lo -MD -MP -MF .deps/refinement.Tpo -c -o refinement.lo refinement.c
/bin/sh ../libtool  --tag=CC   --mode=compile gcc -DHAVE_CONFIG_H -I. -I..     -g -O2 -MT site_symmetry.lo -MD -MP -MF .deps/site_symmetry.Tpo -c -o site_symmetry.lo site_symmetry.c
/bin/sh ../libtool  --tag=CC   --mode=compile gcc -DHAVE_CONFIG_H -I. -I..     -g -O2 -MT sitesym_database.lo -MD -MP -MF .deps/sitesym_database.Tpo -c -o sitesym_database.lo sitesym_database.c
/bin/sh ../libtool  --tag=CC   --mode=compile gcc -DHAVE_CONFIG_H -I. -I..     -g -O2 -MT spacegroup.lo -MD -MP -MF .deps/spacegroup.Tpo -c -o spacegroup.lo spacegroup.c
/bin/sh ../libtool  --tag=CC   --mode=compile gcc -DHAVE_CONFIG_H -I. -I..     -g -O2 -MT spg_database.lo -MD -MP -MF .deps/spg_database.Tpo -c -o spg_database.lo spg_database.c
/bin/sh ../libtool  --tag=CC   --mode=compile gcc -DHAVE_CONFIG_H -I. -I..     -g -O2 -MT spglib.lo -MD -MP -MF .deps/spglib.Tpo -c -o spglib.lo spglib.c
/bin/sh ../libtool  --tag=CC   --mode=compile gcc -DHAVE_CONFIG_H -I. -I..     -g -O2 -MT spin.lo -MD -MP -MF .deps/spin.Tpo -c -o spin.lo spin.c
/bin/sh ../libtool  --tag=CC   --mode=compile gcc -DHAVE_CONFIG_H -I. -I..     -g -O2 -MT symmetry.lo -MD -MP -MF .deps/symmetry.Tpo -c -o symmetry.lo symmetry.c
libtool: compile:  gcc -DHAVE_CONFIG_H -I. -I.. -g -O2 -MT arithmetic.lo -MD -MP -MF .deps/arithmetic.Tpo -c arithmetic.c  -fPIC -DPIC -o .libs/arithmetic.o
libtool: compile:  gcc -DHAVE_CONFIG_H -I. -I.. -g -O2 -MT delaunay.lo -MD -MP -MF .deps/delaunay.Tpo -c delaunay.c  -fPIC -DPIC -o .libs/delaunay.o
libtool: compile:  gcc -DHAVE_CONFIG_H -I. -I.. -g -O2 -MT cell.lo -MD -MP -MF .deps/cell.Tpo -c cell.c  -fPIC -DPIC -o .libs/cell.o
libtool: compile:  gcc -DHAVE_CONFIG_H -I. -I.. -g -O2 -MT determination.lo -MD -MP -MF .deps/determination.Tpo -c determination.c  -fPIC -DPIC -o .libs/determination.o
libtool: compile:  gcc -DHAVE_CONFIG_H -I. -I.. -g -O2 -MT kpoint.lo -MD -MP -MF .deps/kpoint.Tpo -c kpoint.c  -fPIC -DPIC -o .libs/kpoint.o
libtool: compile:  gcc -DHAVE_CONFIG_H -I. -I.. -g -O2 -MT hall_symbol.lo -MD -MP -MF .deps/hall_symbol.Tpo -c hall_symbol.c  -fPIC -DPIC -o .libs/hall_symbol.o
libtool: compile:  gcc -DHAVE_CONFIG_H -I. -I.. -g -O2 -MT overlap.lo -MD -MP -MF .deps/overlap.Tpo -c overlap.c  -fPIC -DPIC -o .libs/overlap.o
libtool: compile:  gcc -DHAVE_CONFIG_H -I. -I.. -g -O2 -MT primitive.lo -MD -MP -MF .deps/primitive.Tpo -c primitive.c  -fPIC -DPIC -o .libs/primitive.o
libtool: compile:  gcc -DHAVE_CONFIG_H -I. -I.. -g -O2 -MT spin.lo -MD -MP -MF .deps/spin.Tpo -c spin.c  -fPIC -DPIC -o .libs/spin.o
libtool: compile:  gcc -DHAVE_CONFIG_H -I. -I.. -g -O2 -MT refinement.lo -MD -MP -MF .deps/refinement.Tpo -c refinement.c  -fPIC -DPIC -o .libs/refinement.o
libtool: compile:  gcc -DHAVE_CONFIG_H -I. -I.. -g -O2 -MT kgrid.lo -MD -MP -MF .deps/kgrid.Tpo -c kgrid.c  -fPIC -DPIC -o .libs/kgrid.o
libtool: compile:  gcc -DHAVE_CONFIG_H -I. -I.. -g -O2 -MT mathfunc.lo -MD -MP -MF .deps/mathfunc.Tpo -c mathfunc.c  -fPIC -DPIC -o .libs/mathfunc.o
libtool: compile:  gcc -DHAVE_CONFIG_H -I. -I.. -g -O2 -MT pointgroup.lo -MD -MP -MF .deps/pointgroup.Tpo -c pointgroup.c  -fPIC -DPIC -o .libs/pointgroup.o
libtool: compile:  gcc -DHAVE_CONFIG_H -I. -I.. -g -O2 -MT debug.lo -MD -MP -MF .deps/debug.Tpo -c debug.c  -fPIC -DPIC -o .libs/debug.o
libtool: compile:  gcc -DHAVE_CONFIG_H -I. -I.. -g -O2 -MT niggli.lo -MD -MP -MF .deps/niggli.Tpo -c niggli.c  -fPIC -DPIC -o .libs/niggli.o
libtool: compile:  gcc -DHAVE_CONFIG_H -I. -I.. -g -O2 -MT spg_database.lo -MD -MP -MF .deps/spg_database.Tpo -c spg_database.c  -fPIC -DPIC -o .libs/spg_database.o
libtool: compile:  gcc -DHAVE_CONFIG_H -I. -I.. -g -O2 -MT spglib.lo -MD -MP -MF .deps/spglib.Tpo -c spglib.c  -fPIC -DPIC -o .libs/spglib.o
libtool: compile:  gcc -DHAVE_CONFIG_H -I. -I.. -g -O2 -MT site_symmetry.lo -MD -MP -MF .deps/site_symmetry.Tpo -c site_symmetry.c  -fPIC -DPIC -o .libs/site_symmetry.o
libtool: compile:  gcc -DHAVE_CONFIG_H -I. -I.. -g -O2 -MT sitesym_database.lo -MD -MP -MF .deps/sitesym_database.Tpo -c sitesym_database.c  -fPIC -DPIC -o .libs/sitesym_database.o
libtool: compile:  gcc -DHAVE_CONFIG_H -I. -I.. -g -O2 -MT spacegroup.lo -MD -MP -MF .deps/spacegroup.Tpo -c spacegroup.c  -fPIC -DPIC -o .libs/spacegroup.o
libtool: compile:  gcc -DHAVE_CONFIG_H -I. -I.. -g -O2 -MT symmetry.lo -MD -MP -MF .deps/symmetry.Tpo -c symmetry.c  -fPIC -DPIC -o .libs/symmetry.o
libtool: compile:  gcc -DHAVE_CONFIG_H -I. -I.. -g -O2 -MT debug.lo -MD -MP -MF .deps/debug.Tpo -c debug.c -o debug.o >/dev/null 2>&1
libtool: compile:  gcc -DHAVE_CONFIG_H -I. -I.. -g -O2 -MT arithmetic.lo -MD -MP -MF .deps/arithmetic.Tpo -c arithmetic.c -o arithmetic.o >/dev/null 2>&1
mv -f .deps/debug.Tpo .deps/debug.Plo
libtool: compile:  gcc -DHAVE_CONFIG_H -I. -I.. -g -O2 -MT determination.lo -MD -MP -MF .deps/determination.Tpo -c determination.c -o determination.o >/dev/null 2>&1
libtool: compile:  gcc -DHAVE_CONFIG_H -I. -I.. -g -O2 -MT kgrid.lo -MD -MP -MF .deps/kgrid.Tpo -c kgrid.c -o kgrid.o >/dev/null 2>&1
libtool: compile:  gcc -DHAVE_CONFIG_H -I. -I.. -g -O2 -MT sitesym_database.lo -MD -MP -MF .deps/sitesym_database.Tpo -c sitesym_database.c -o sitesym_database.o >/dev/null 2>&1
libtool: compile:  gcc -DHAVE_CONFIG_H -I. -I.. -g -O2 -MT spin.lo -MD -MP -MF .deps/spin.Tpo -c spin.c -o spin.o >/dev/null 2>&1
mv -f .deps/arithmetic.Tpo .deps/arithmetic.Plo
libtool: compile:  gcc -DHAVE_CONFIG_H -I. -I.. -g -O2 -MT spg_database.lo -MD -MP -MF .deps/spg_database.Tpo -c spg_database.c -o spg_database.o >/dev/null 2>&1
mv -f .deps/determination.Tpo .deps/determination.Plo
libtool: compile:  gcc -DHAVE_CONFIG_H -I. -I.. -g -O2 -MT niggli.lo -MD -MP -MF .deps/niggli.Tpo -c niggli.c -o niggli.o >/dev/null 2>&1
libtool: compile:  gcc -DHAVE_CONFIG_H -I. -I.. -g -O2 -MT site_symmetry.lo -MD -MP -MF .deps/site_symmetry.Tpo -c site_symmetry.c -o site_symmetry.o >/dev/null 2>&1
mv -f .deps/sitesym_database.Tpo .deps/sitesym_database.Plo
mv -f .deps/kgrid.Tpo .deps/kgrid.Plo
libtool: compile:  gcc -DHAVE_CONFIG_H -I. -I.. -g -O2 -MT delaunay.lo -MD -MP -MF .deps/delaunay.Tpo -c delaunay.c -o delaunay.o >/dev/null 2>&1
libtool: compile:  gcc -DHAVE_CONFIG_H -I. -I.. -g -O2 -MT overlap.lo -MD -MP -MF .deps/overlap.Tpo -c overlap.c -o overlap.o >/dev/null 2>&1
libtool: compile:  gcc -DHAVE_CONFIG_H -I. -I.. -g -O2 -MT cell.lo -MD -MP -MF .deps/cell.Tpo -c cell.c -o cell.o >/dev/null 2>&1
libtool: compile:  gcc -DHAVE_CONFIG_H -I. -I.. -g -O2 -MT pointgroup.lo -MD -MP -MF .deps/pointgroup.Tpo -c pointgroup.c -o pointgroup.o >/dev/null 2>&1
libtool: compile:  gcc -DHAVE_CONFIG_H -I. -I.. -g -O2 -MT primitive.lo -MD -MP -MF .deps/primitive.Tpo -c primitive.c -o primitive.o >/dev/null 2>&1
libtool: compile:  gcc -DHAVE_CONFIG_H -I. -I.. -g -O2 -MT mathfunc.lo -MD -MP -MF .deps/mathfunc.Tpo -c mathfunc.c -o mathfunc.o >/dev/null 2>&1
libtool: compile:  gcc -DHAVE_CONFIG_H -I. -I.. -g -O2 -MT hall_symbol.lo -MD -MP -MF .deps/hall_symbol.Tpo -c hall_symbol.c -o hall_symbol.o >/dev/null 2>&1
mv -f .deps/spin.Tpo .deps/spin.Plo
mv -f .deps/spg_database.Tpo .deps/spg_database.Plo
libtool: compile:  gcc -DHAVE_CONFIG_H -I. -I.. -g -O2 -MT kpoint.lo -MD -MP -MF .deps/kpoint.Tpo -c kpoint.c -o kpoint.o >/dev/null 2>&1
libtool: compile:  gcc -DHAVE_CONFIG_H -I. -I.. -g -O2 -MT symmetry.lo -MD -MP -MF .deps/symmetry.Tpo -c symmetry.c -o symmetry.o >/dev/null 2>&1
libtool: compile:  gcc -DHAVE_CONFIG_H -I. -I.. -g -O2 -MT spacegroup.lo -MD -MP -MF .deps/spacegroup.Tpo -c spacegroup.c -o spacegroup.o >/dev/null 2>&1
mv -f .deps/site_symmetry.Tpo .deps/site_symmetry.Plo
mv -f .deps/delaunay.Tpo .deps/delaunay.Plo
libtool: compile:  gcc -DHAVE_CONFIG_H -I. -I.. -g -O2 -MT spglib.lo -MD -MP -MF .deps/spglib.Tpo -c spglib.c -o spglib.o >/dev/null 2>&1
mv -f .deps/niggli.Tpo .deps/niggli.Plo
mv -f .deps/cell.Tpo .deps/cell.Plo
mv -f .deps/overlap.Tpo .deps/overlap.Plo
mv -f .deps/primitive.Tpo .deps/primitive.Plo
mv -f .deps/pointgroup.Tpo .deps/pointgroup.Plo
mv -f .deps/hall_symbol.Tpo .deps/hall_symbol.Plo
mv -f .deps/mathfunc.Tpo .deps/mathfunc.Plo
libtool: compile:  gcc -DHAVE_CONFIG_H -I. -I.. -g -O2 -MT refinement.lo -MD -MP -MF .deps/refinement.Tpo -c refinement.c -o refinement.o >/dev/null 2>&1
mv -f .deps/symmetry.Tpo .deps/symmetry.Plo
mv -f .deps/kpoint.Tpo .deps/kpoint.Plo
mv -f .deps/spacegroup.Tpo .deps/spacegroup.Plo
mv -f .deps/spglib.Tpo .deps/spglib.Plo
mv -f .deps/refinement.Tpo .deps/refinement.Plo
/bin/sh ../libtool  --tag=CC   --mode=link gcc  -g -O2   -o libsymspg.la -rpath /usr/local/lib arithmetic.lo cell.lo debug.lo delaunay.lo determination.lo hall_symbol.lo kgrid.lo kpoint.lo mathfunc.lo niggli.lo overlap.lo pointgroup.lo primitive.lo refinement.lo site_symmetry.lo sitesym_database.lo spacegroup.lo spg_database.lo spglib.lo spin.lo symmetry.lo  -lm 
libtool: link: gcc -shared  -fPIC -DPIC  .libs/arithmetic.o .libs/cell.o .libs/debug.o .libs/delaunay.o .libs/determination.o .libs/hall_symbol.o .libs/kgrid.o .libs/kpoint.o .libs/mathfunc.o .libs/niggli.o .libs/overlap.o .libs/pointgroup.o .libs/primitive.o .libs/refinement.o .libs/site_symmetry.o .libs/sitesym_database.o .libs/spacegroup.o .libs/spg_database.o .libs/spglib.o .libs/spin.o .libs/symmetry.o   -lm  -O2   -Wl,-soname -Wl,libsymspg.so.0 -o .libs/libsymspg.so.0.0.0
libtool: link: (cd ".libs" && rm -f "libsymspg.so.0" && ln -s "libsymspg.so.0.0.0" "libsymspg.so.0")
libtool: link: (cd ".libs" && rm -f "libsymspg.so" && ln -s "libsymspg.so.0.0.0" "libsymspg.so")
libtool: link: ar cru .libs/libsymspg.a  arithmetic.o cell.o debug.o delaunay.o determination.o hall_symbol.o kgrid.o kpoint.o mathfunc.o niggli.o overlap.o pointgroup.o primitive.o refinement.o site_symmetry.o sitesym_database.o spacegroup.o spg_database.o spglib.o spin.o symmetry.o
libtool: link: ranlib .libs/libsymspg.a
libtool: link: ( cd ".libs" && rm -f "libsymspg.la" && ln -s "../libsymspg.la" "libsymspg.la" )
make[3]: Leaving directory `/mnt/Storage/home/max/GITHUB/maiseexp/dep-ext/spglib-1.11.2.1/src'
make[3]: Entering directory `/mnt/Storage/home/max/GITHUB/maiseexp/dep-ext/spglib-1.11.2.1'
make[3]: Leaving directory `/mnt/Storage/home/max/GITHUB/maiseexp/dep-ext/spglib-1.11.2.1'
make[2]: Leaving directory `/mnt/Storage/home/max/GITHUB/maiseexp/dep-ext/spglib-1.11.2.1'
make[1]: Leaving directory `/mnt/Storage/home/max/GITHUB/maiseexp/dep-ext/spglib-1.11.2.1'
make[1]: Entering directory `/mnt/Storage/home/max/GITHUB/maiseexp/dep-ext/spglib-1.11.2.1'
Making install in src
make[2]: Entering directory `/mnt/Storage/home/max/GITHUB/maiseexp/dep-ext/spglib-1.11.2.1/src'
make[3]: Entering directory `/mnt/Storage/home/max/GITHUB/maiseexp/dep-ext/spglib-1.11.2.1/src'
 /usr/bin/mkdir -p '/mnt/Storage/home/max/GITHUB/maiseexp/dep-ext/spglib-1.11.2.1/usr/local/lib'
 /usr/bin/mkdir -p '/mnt/Storage/home/max/GITHUB/maiseexp/dep-ext/spglib-1.11.2.1/usr/local/include/spglib'
 /bin/sh ../libtool   --mode=install /usr/bin/install -c   libsymspg.la '/mnt/Storage/home/max/GITHUB/maiseexp/dep-ext/spglib-1.11.2.1/usr/local/lib'
 /usr/bin/install -c -m 644 arithmetic.h cell.h debug.h delaunay.h determination.h hall_symbol.h kgrid.h kpoint.h mathfunc.h niggli.h overlap.h pointgroup.h primitive.h refinement.h site_symmetry.h sitesym_database.h spacegroup.h spg_database.h spglib.h spin.h symmetry.h version.h '/mnt/Storage/home/max/GITHUB/maiseexp/dep-ext/spglib-1.11.2.1/usr/local/include/spglib'
libtool: install: /usr/bin/install -c .libs/libsymspg.so.0.0.0 /mnt/Storage/home/max/GITHUB/maiseexp/dep-ext/spglib-1.11.2.1/usr/local/lib/libsymspg.so.0.0.0
libtool: install: (cd /mnt/Storage/home/max/GITHUB/maiseexp/dep-ext/spglib-1.11.2.1/usr/local/lib && { ln -s -f libsymspg.so.0.0.0 libsymspg.so.0 || { rm -f libsymspg.so.0 && ln -s libsymspg.so.0.0.0 libsymspg.so.0; }; })
libtool: install: (cd /mnt/Storage/home/max/GITHUB/maiseexp/dep-ext/spglib-1.11.2.1/usr/local/lib && { ln -s -f libsymspg.so.0.0.0 libsymspg.so || { rm -f libsymspg.so && ln -s libsymspg.so.0.0.0 libsymspg.so; }; })
libtool: install: /usr/bin/install -c .libs/libsymspg.lai /mnt/Storage/home/max/GITHUB/maiseexp/dep-ext/spglib-1.11.2.1/usr/local/lib/libsymspg.la
libtool: install: /usr/bin/install -c .libs/libsymspg.a /mnt/Storage/home/max/GITHUB/maiseexp/dep-ext/spglib-1.11.2.1/usr/local/lib/libsymspg.a
libtool: install: chmod 644 /mnt/Storage/home/max/GITHUB/maiseexp/dep-ext/spglib-1.11.2.1/usr/local/lib/libsymspg.a
libtool: install: ranlib /mnt/Storage/home/max/GITHUB/maiseexp/dep-ext/spglib-1.11.2.1/usr/local/lib/libsymspg.a
libtool: install: warning: remember to run `libtool --finish /usr/local/lib'
make[3]: Leaving directory `/mnt/Storage/home/max/GITHUB/maiseexp/dep-ext/spglib-1.11.2.1/src'
make[2]: Leaving directory `/mnt/Storage/home/max/GITHUB/maiseexp/dep-ext/spglib-1.11.2.1/src'
make[2]: Entering directory `/mnt/Storage/home/max/GITHUB/maiseexp/dep-ext/spglib-1.11.2.1'
make[3]: Entering directory `/mnt/Storage/home/max/GITHUB/maiseexp/dep-ext/spglib-1.11.2.1'
make[3]: Nothing to be done for `install-exec-am'.
make[3]: Nothing to be done for `install-data-am'.
make[3]: Leaving directory `/mnt/Storage/home/max/GITHUB/maiseexp/dep-ext/spglib-1.11.2.1'
make[2]: Leaving directory `/mnt/Storage/home/max/GITHUB/maiseexp/dep-ext/spglib-1.11.2.1'
make[1]: Leaving directory `/mnt/Storage/home/max/GITHUB/maiseexp/dep-ext/spglib-1.11.2.1'
installing....to /mnt/Storage/home/max/GITHUB/maiseexp/dep-ext/spglib-1.11.2.1/../../lib
